simpleDeadlines-3.2.3/manifest-merger-release-report.txt
-- Merging decision tree log ---
manifest
ADDED from AndroidManifest.xml:2:1
	xmlns:android
		ADDED from AndroidManifest.xml:2:11
	package
		ADDED from AndroidManifest.xml:3:5
	android:versionName
		ADDED from AndroidManifest.xml:5:5
	android:versionCode
		ADDED from AndroidManifest.xml:4:5
		INJECTED from AndroidManifest.xml:0:0
		INJECTED from AndroidManifest.xml:0:0
uses-permission#android.permission.READ_EXTERNAL_STORAGE
ADDED from AndroidManifest.xml:7:5
	android:name
		ADDED from AndroidManifest.xml:7:22
uses-permission#android.permission.RECEIVE_BOOT_COMPLETED
ADDED from AndroidManifest.xml:8:5
	android:name
		ADDED from AndroidManifest.xml:8:22
application
ADDED from AndroidManifest.xml:10:5
MERGED from com.android.support:appcompat-v7:21.0.3:16:5
MERGED from com.android.support:support-v4:21.0.3:16:5
MERGED from com.android.support:support-v4:21.0.3:16:5
	android:label
		ADDED from AndroidManifest.xml:13:9
	android:allowBackup
		ADDED from AndroidManifest.xml:11:9
	android:icon
		ADDED from AndroidManifest.xml:12:9
	android:theme
		ADDED from AndroidManifest.xml:14:9
activity#com.casimirlab.simpleDeadlines.ui.DeadlineEditor
ADDED from AndroidManifest.xml:16:9
	android:label
		ADDED from AndroidManifest.xml:18:13
	android:theme
		ADDED from AndroidManifest.xml:19:13
	android:name
		ADDED from AndroidManifest.xml:17:13
intent-filter#android.intent.action.VIEW+android.intent.category.BROWSABLE+android.intent.category.DEFAULT
ADDED from AndroidManifest.xml:20:13
action#android.intent.action.VIEW
ADDED from AndroidManifest.xml:21:17
	android:name
		ADDED from AndroidManifest.xml:21:25
category#android.intent.category.BROWSABLE
ADDED from AndroidManifest.xml:23:17
	android:name
		ADDED from AndroidManifest.xml:23:27
category#android.intent.category.DEFAULT
ADDED from AndroidManifest.xml:24:17
	android:name
		ADDED from AndroidManifest.xml:24:27
data
ADDED from AndroidManifest.xml:26:17
	android:host
		ADDED from AndroidManifest.xml:27:21
	android:scheme
		ADDED from AndroidManifest.xml:28:21
activity#com.casimirlab.simpleDeadlines.ui.MainActivity
ADDED from AndroidManifest.xml:31:9
	android:label
		ADDED from AndroidManifest.xml:33:13
	android:name
		ADDED from AndroidManifest.xml:32:13
intent-filter#android.intent.action.MAIN+android.intent.category.LAUNCHER
ADDED from AndroidManifest.xml:34:13
action#android.intent.action.MAIN
ADDED from AndroidManifest.xml:35:17
	android:name
		ADDED from AndroidManifest.xml:35:25
category#android.intent.category.LAUNCHER
ADDED from AndroidManifest.xml:36:17
	android:name
		ADDED from AndroidManifest.xml:36:27
intent-filter#android.intent.action.VIEW+android.intent.category.DEFAULT
ADDED from AndroidManifest.xml:38:13
activity#com.casimirlab.simpleDeadlines.ui.Settings
ADDED from AndroidManifest.xml:52:9
	android:label
		ADDED from AndroidManifest.xml:54:13
	android:name
		ADDED from AndroidManifest.xml:53:13
provider#com.casimirlab.simpleDeadlines.provider.DeadlineProvider
ADDED from AndroidManifest.xml:56:9
	android:exported
		ADDED from AndroidManifest.xml:59:13
	android:authorities
		ADDED from AndroidManifest.xml:58:13
	android:name
		ADDED from AndroidManifest.xml:57:13
receiver#com.casimirlab.simpleDeadlines.NotificationCenter
ADDED from AndroidManifest.xml:61:9
	android:name
		ADDED from AndroidManifest.xml:61:19
intent-filter#NotificationCenter.ACTION_HIDE+NotificationCenter.ACTION_SET+NotificationCenter.ACTION_SHOW+NotificationCenter.ACTION_TOGGLE+android.intent.action.BOOT_COMPLETED+android.intent.category.DEFAULT
ADDED from AndroidManifest.xml:62:13
action#NotificationCenter.ACTION_HIDE
ADDED from AndroidManifest.xml:63:17
	android:name
		ADDED from AndroidManifest.xml:63:25
action#NotificationCenter.ACTION_SET
ADDED from AndroidManifest.xml:64:17
	android:name
		ADDED from AndroidManifest.xml:64:25
action#NotificationCenter.ACTION_SHOW
ADDED from AndroidManifest.xml:65:17
	android:name
		ADDED from AndroidManifest.xml:65:25
action#NotificationCenter.ACTION_TOGGLE
ADDED from AndroidManifest.xml:66:17
	android:name
		ADDED from AndroidManifest.xml:66:25
action#android.intent.action.BOOT_COMPLETED
ADDED from AndroidManifest.xml:67:17
	android:name
		ADDED from AndroidManifest.xml:67:25
service#com.casimirlab.simpleDeadlines.dashclock.DeadlinesExtension
ADDED from AndroidManifest.xml:81:9
	android:label
		ADDED from AndroidManifest.xml:84:13
	android:icon
		ADDED from AndroidManifest.xml:83:13
	android:permission
		ADDED from AndroidManifest.xml:85:13
	android:name
		ADDED from AndroidManifest.xml:82:13
intent-filter#com.google.android.apps.dashclock.Extension
ADDED from AndroidManifest.xml:86:13
action#com.google.android.apps.dashclock.Extension
ADDED from AndroidManifest.xml:87:17
	android:name
		ADDED from AndroidManifest.xml:87:25
meta-data#protocolVersion
ADDED from AndroidManifest.xml:90:13
	android:name
		ADDED from AndroidManifest.xml:91:17
	android:value
		ADDED from AndroidManifest.xml:92:17
meta-data#description
ADDED from AndroidManifest.xml:93:13
	android:name
		ADDED from AndroidManifest.xml:94:17
	android:value
		ADDED from AndroidManifest.xml:95:17
uses-sdk
INJECTED from AndroidManifest.xml:0:0 reason: use-sdk injection requested
MERGED from com.android.support:appcompat-v7:21.0.3:15:5
MERGED from com.android.support:support-v4:21.0.3:15:5
MERGED from com.android.support:support-v4:21.0.3:15:5
	android:targetSdkVersion
		INJECTED from AndroidManifest.xml:0:0
		INJECTED from AndroidManifest.xml:0:0
	android:minSdkVersion
		INJECTED from AndroidManifest.xml:0:0
		INJECTED from AndroidManifest.xml:0:0